<?xml version="1.0" encoding="UTF-8"?>
<!-- Generated by org.testng.reporters.JUnitReportReporter -->
<testsuite hostname="AARTHI-SURESH" failures="1" tests="37" name="testRunner.Runner" time="88.598" errors="1" timestamp="2023-06-19T13:11:56 EDT" skipped="0">
  <testcase classname="testRunner.Runner" name="runScenario" time="0.364"/>
  <testcase classname="testRunner.Runner" name="runScenario" time="1.604"/>
  <testcase classname="testRunner.Runner" name="runScenario" time="0.343"/>
  <testcase classname="testRunner.Runner" name="runScenario" time="3.321"/>
  <testcase classname="testRunner.Runner" name="runScenario" time="3.123"/>
  <testcase classname="testRunner.Runner" name="runScenario" time="3.116"/>
  <testcase classname="testRunner.Runner" name="runScenario" time="0.483"/>
  <testcase classname="testRunner.Runner" name="runScenario" time="0.454"/>
  <testcase classname="testRunner.Runner" name="runScenario" time="0.433"/>
  <testcase classname="testRunner.Runner" name="runScenario" time="0.498"/>
  <testcase classname="testRunner.Runner" name="runScenario" time="3.089"/>
  <testcase classname="testRunner.Runner" name="runScenario" time="0.564"/>
  <testcase classname="testRunner.Runner" name="runScenario" time="0.479"/>
  <testcase classname="testRunner.Runner" name="runScenario" time="3.143"/>
  <testcase classname="testRunner.Runner" name="runScenario" time="0.297"/>
  <testcase classname="testRunner.Runner" name="runScenario" time="0.384">
    <failure message="expected [Please fill out this field] but found [Please fill out this field.]" type="java.lang.AssertionError">
      <![CDATA[java.lang.AssertionError: expected [Please fill out this field] but found [Please fill out this field.]
at org.testng.Assert.fail(Assert.java:111)
at org.testng.Assert.failNotEquals(Assert.java:1578)
at org.testng.Assert.assertEqualsImpl(Assert.java:150)
at org.testng.Assert.assertEquals(Assert.java:132)
at org.testng.Assert.assertEquals(Assert.java:656)
at org.testng.Assert.assertEquals(Assert.java:666)
at stepsDefinition.RegisterPage.it_should_display_an_error_below_password_textbox(RegisterPage.java:60)
at ✽.It should display an error "Please fill out this field" below Password textbox(file:///C:/Users/sures/eclipse-workspace/dsalgo/src/test/resources/feature/02-RegisterPage.feature:13)
]]>
    </failure>
  </testcase> <!-- runScenario -->
  <testcase classname="testRunner.Runner" name="runScenario" time="0.069">
    <error message="The step &#039;The user enter python code with invalid syntax in tryEditor from sheet &quot;&lt;Sheetname&gt;&quot; and &lt;RowNumber&gt;&#039; and 1 other step(s) are undefined.
You can implement these steps using the snippet(s) below:

@When(&quot;The user enter python code with invalid syntax in tryEditor from sheet {string} and &lt;RowNumber&gt;&quot;)
public void the_user_enter_python_code_with_invalid_syntax_in_try_editor_from_sheet_and_row_number(String string) {
    // Write code here that turns the phrase above into concrete actions
    throw new io.cucumber.java.PendingException();
}
@Then(&quot;The user should be presented with error message&quot;)
public void the_user_should_be_presented_with_error_message() {
    // Write code here that turns the phrase above into concrete actions
    throw new io.cucumber.java.PendingException();
}
" type="io.cucumber.testng.UndefinedStepException">
      <![CDATA[io.cucumber.testng.UndefinedStepException: The step 'The user enter python code with invalid syntax in tryEditor from sheet "<Sheetname>" and <RowNumber>' and 1 other step(s) are undefined.
You can implement these steps using the snippet(s) below:

@When("The user enter python code with invalid syntax in tryEditor from sheet {string} and <RowNumber>")
public void the_user_enter_python_code_with_invalid_syntax_in_try_editor_from_sheet_and_row_number(String string) {
    // Write code here that turns the phrase above into concrete actions
    throw new io.cucumber.java.PendingException();
}
@Then("The user should be presented with error message")
public void the_user_should_be_presented_with_error_message() {
    // Write code here that turns the phrase above into concrete actions
    throw new io.cucumber.java.PendingException();
}

at io.cucumber.core.runtime.TestCaseResultObserver.assertTestCasePassed(TestCaseResultObserver.java:69)
at io.cucumber.testng.TestCaseResultObserver.assertTestCasePassed(TestCaseResultObserver.java:23)
at io.cucumber.testng.TestNGCucumberRunner.lambda$runScenario$1(TestNGCucumberRunner.java:133)
at io.cucumber.core.runtime.CucumberExecutionContext.lambda$runTestCase$5(CucumberExecutionContext.java:137)
at io.cucumber.core.runtime.RethrowingThrowableCollector.executeAndThrow(RethrowingThrowableCollector.java:23)
at io.cucumber.core.runtime.CucumberExecutionContext.runTestCase(CucumberExecutionContext.java:137)
at io.cucumber.testng.TestNGCucumberRunner.runScenario(TestNGCucumberRunner.java:129)
at io.cucumber.testng.AbstractTestNGCucumberTests.runScenario(AbstractTestNGCucumberTests.java:35)
at java.base/jdk.internal.reflect.DirectMethodHandleAccessor.invoke(DirectMethodHandleAccessor.java:104)
at java.base/java.lang.reflect.Method.invoke(Method.java:578)
at org.testng.internal.invokers.MethodInvocationHelper.invokeMethod(MethodInvocationHelper.java:139)
at org.testng.internal.invokers.TestInvoker.invokeMethod(TestInvoker.java:664)
at org.testng.internal.invokers.TestInvoker.invokeTestMethod(TestInvoker.java:227)
at org.testng.internal.invokers.MethodRunner.runInSequence(MethodRunner.java:50)
at org.testng.internal.invokers.TestInvoker$MethodInvocationAgent.invoke(TestInvoker.java:957)
at org.testng.internal.invokers.TestInvoker.invokeTestMethods(TestInvoker.java:200)
at org.testng.internal.invokers.TestMethodWorker.invokeTestMethods(TestMethodWorker.java:148)
at org.testng.internal.invokers.TestMethodWorker.run(TestMethodWorker.java:128)
at java.base/java.util.ArrayList.forEach(ArrayList.java:1511)
at org.testng.TestRunner.privateRun(TestRunner.java:848)
at org.testng.TestRunner.run(TestRunner.java:621)
at org.testng.SuiteRunner.runTest(SuiteRunner.java:443)
at org.testng.SuiteRunner.runSequentially(SuiteRunner.java:437)
at org.testng.SuiteRunner.privateRun(SuiteRunner.java:397)
at org.testng.SuiteRunner.run(SuiteRunner.java:336)
at org.testng.SuiteRunnerWorker.runSuite(SuiteRunnerWorker.java:52)
at org.testng.SuiteRunnerWorker.run(SuiteRunnerWorker.java:95)
at org.testng.TestNG.runSuitesSequentially(TestNG.java:1280)
at org.testng.TestNG.runSuitesLocally(TestNG.java:1200)
at org.testng.TestNG.runSuites(TestNG.java:1114)
at org.testng.TestNG.run(TestNG.java:1082)
at org.testng.remote.AbstractRemoteTestNG.run(AbstractRemoteTestNG.java:115)
at org.testng.remote.RemoteTestNG.initAndRun(RemoteTestNG.java:251)
at org.testng.remote.RemoteTestNG.main(RemoteTestNG.java:77)
]]>
    </error>
  </testcase> <!-- runScenario -->
  <testcase classname="testRunner.Runner" name="runScenario" time="3.505"/>
  <testcase classname="testRunner.Runner" name="runScenario" time="3.377"/>
  <testcase classname="testRunner.Runner" name="runScenario" time="14.779"/>
  <testcase classname="testRunner.Runner" name="runScenario" time="3.459"/>
  <testcase classname="testRunner.Runner" name="runScenario" time="3.167"/>
  <testcase classname="testRunner.Runner" name="runScenario" time="0.360"/>
  <testcase classname="testRunner.Runner" name="runScenario" time="3.428"/>
  <testcase classname="testRunner.Runner" name="runScenario" time="10.354"/>
  <testcase classname="testRunner.Runner" name="runScenario" time="0.581"/>
  <testcase classname="testRunner.Runner" name="runScenario" time="10.250"/>
  <testcase classname="testRunner.Runner" name="runScenario" time="3.463"/>
  <testcase classname="testRunner.Runner" name="runScenario" time="0.445"/>
  <testcase classname="testRunner.Runner" name="runScenario" time="0.539"/>
  <testcase classname="testRunner.Runner" name="runScenario" time="0.525"/>
  <testcase classname="testRunner.Runner" name="runScenario" time="0.520"/>
  <testcase classname="testRunner.Runner" name="runScenario" time="3.107"/>
  <testcase classname="testRunner.Runner" name="runScenario" time="4.516"/>
  <testcase classname="testRunner.Runner" name="runScenario" time="0.231"/>
  <testcase classname="testRunner.Runner" name="runScenario" time="0.206"/>
  <testcase classname="testRunner.Runner" name="runScenario" time="0.022"/>
</testsuite> <!-- testRunner.Runner -->
