<?xml version="1.0" encoding="UTF-8"?>
<!-- Generated by org.testng.reporters.JUnitReportReporter -->
<testsuite hostname="AARTHI-SURESH" failures="1" tests="37" name="testRunner.Runner" time="82.320" errors="1" timestamp="2023-06-15T21:13:23 EDT" skipped="0">
  <testcase classname="testRunner.Runner" name="runScenario" time="3.520"/>
  <system-out/>
  <testcase classname="testRunner.Runner" name="runScenario" time="3.503"/>
  <system-out/>
  <testcase classname="testRunner.Runner" name="runScenario" time="4.592"/>
  <system-out/>
  <testcase classname="testRunner.Runner" name="runScenario" time="0.525"/>
  <system-out/>
  <testcase classname="testRunner.Runner" name="runScenario" time="0.400"/>
  <system-out/>
  <testcase classname="testRunner.Runner" name="runScenario" time="0.289"/>
  <system-out/>
  <testcase classname="testRunner.Runner" name="runScenario" time="0.407"/>
  <system-out/>
  <testcase classname="testRunner.Runner" name="runScenario" time="0.527"/>
  <system-out/>
  <testcase classname="testRunner.Runner" name="runScenario" time="3.077"/>
  <system-out/>
  <testcase classname="testRunner.Runner" name="runScenario" time="9.269"/>
  <system-out/>
  <testcase classname="testRunner.Runner" name="runScenario" time="3.132"/>
  <system-out/>
  <testcase classname="testRunner.Runner" name="runScenario" time="10.373"/>
  <system-out/>
  <testcase classname="testRunner.Runner" name="runScenario" time="3.165"/>
  <system-out/>
  <testcase classname="testRunner.Runner" name="runScenario" time="0.015"/>
  <system-out/>
  <testcase classname="testRunner.Runner" name="runScenario" time="0.576"/>
  <system-out/>
  <testcase classname="testRunner.Runner" name="runScenario" time="1.459"/>
  <system-out/>
  <testcase classname="testRunner.Runner" name="runScenario" time="0.310">
    <failure message="expected [Please fill out this field] but found [Please fill out this field.]" type="java.lang.AssertionError">
      <![CDATA[java.lang.AssertionError: expected [Please fill out this field] but found [Please fill out this field.]
at org.testng.Assert.fail(Assert.java:99)
at org.testng.Assert.failNotEquals(Assert.java:1037)
at org.testng.Assert.assertEqualsImpl(Assert.java:140)
at org.testng.Assert.assertEquals(Assert.java:122)
at org.testng.Assert.assertEquals(Assert.java:629)
at org.testng.Assert.assertEquals(Assert.java:639)
at stepsDefinition.RegisterPage.it_should_display_an_error_below_password_textbox(RegisterPage.java:60)
at ✽.It should display an error "Please fill out this field" below Password textbox(file:///C:/Users/sures/eclipse-workspace/dsalgo/src/test/resources/feature/02-RegisterPage.feature:13)
]]>
    </failure>
  </testcase> <!-- runScenario -->
  <system-out/>
  <testcase classname="testRunner.Runner" name="runScenario" time="3.495"/>
  <system-out/>
  <testcase classname="testRunner.Runner" name="runScenario" time="0.371"/>
  <system-out/>
  <testcase classname="testRunner.Runner" name="runScenario" time="0.363"/>
  <system-out/>
  <testcase classname="testRunner.Runner" name="runScenario" time="3.073"/>
  <system-out/>
  <testcase classname="testRunner.Runner" name="runScenario" time="3.182"/>
  <system-out/>
  <testcase classname="testRunner.Runner" name="runScenario" time="3.138"/>
  <system-out/>
  <testcase classname="testRunner.Runner" name="runScenario" time="3.379"/>
  <system-out/>
  <testcase classname="testRunner.Runner" name="runScenario" time="0.363"/>
  <system-out/>
  <testcase classname="testRunner.Runner" name="runScenario" time="0.483"/>
  <system-out/>
  <testcase classname="testRunner.Runner" name="runScenario" time="3.402"/>
  <system-out/>
  <testcase classname="testRunner.Runner" name="runScenario" time="0.425"/>
  <system-out/>
  <testcase classname="testRunner.Runner" name="runScenario" time="0.224"/>
  <system-out/>
  <testcase classname="testRunner.Runner" name="runScenario" time="0.218"/>
  <system-out/>
  <testcase classname="testRunner.Runner" name="runScenario" time="0.412"/>
  <system-out/>
  <testcase classname="testRunner.Runner" name="runScenario" time="0.058">
    <error message="The step &#039;The user enter python code with invalid syntax in tryEditor from sheet &quot;&lt;Sheetname&gt;&quot; and &lt;RowNumber&gt;&#039; and 1 other step(s) are undefined.
You can implement these steps using the snippet(s) below:

@When(&quot;The user enter python code with invalid syntax in tryEditor from sheet {string} and &lt;RowNumber&gt;&quot;)
public void the_user_enter_python_code_with_invalid_syntax_in_try_editor_from_sheet_and_row_number(String string) {
    // Write code here that turns the phrase above into concrete actions
    throw new io.cucumber.java.PendingException();
}
@Then(&quot;The user should be presented with error message&quot;)
public void the_user_should_be_presented_with_error_message() {
    // Write code here that turns the phrase above into concrete actions
    throw new io.cucumber.java.PendingException();
}
" type="io.cucumber.testng.UndefinedStepException">
      <![CDATA[io.cucumber.testng.UndefinedStepException: The step 'The user enter python code with invalid syntax in tryEditor from sheet "<Sheetname>" and <RowNumber>' and 1 other step(s) are undefined.
You can implement these steps using the snippet(s) below:

@When("The user enter python code with invalid syntax in tryEditor from sheet {string} and <RowNumber>")
public void the_user_enter_python_code_with_invalid_syntax_in_try_editor_from_sheet_and_row_number(String string) {
    // Write code here that turns the phrase above into concrete actions
    throw new io.cucumber.java.PendingException();
}
@Then("The user should be presented with error message")
public void the_user_should_be_presented_with_error_message() {
    // Write code here that turns the phrase above into concrete actions
    throw new io.cucumber.java.PendingException();
}

at io.cucumber.core.runtime.TestCaseResultObserver.assertTestCasePassed(TestCaseResultObserver.java:69)
at io.cucumber.testng.TestCaseResultObserver.assertTestCasePassed(TestCaseResultObserver.java:23)
at io.cucumber.testng.TestNGCucumberRunner.lambda$runScenario$1(TestNGCucumberRunner.java:133)
at io.cucumber.core.runtime.CucumberExecutionContext.lambda$runTestCase$5(CucumberExecutionContext.java:137)
at io.cucumber.core.runtime.RethrowingThrowableCollector.executeAndThrow(RethrowingThrowableCollector.java:23)
at io.cucumber.core.runtime.CucumberExecutionContext.runTestCase(CucumberExecutionContext.java:137)
at io.cucumber.testng.TestNGCucumberRunner.runScenario(TestNGCucumberRunner.java:129)
at io.cucumber.testng.AbstractTestNGCucumberTests.runScenario(AbstractTestNGCucumberTests.java:35)
at java.base/jdk.internal.reflect.DirectMethodHandleAccessor.invoke(DirectMethodHandleAccessor.java:104)
at java.base/java.lang.reflect.Method.invoke(Method.java:578)
at org.testng.internal.MethodInvocationHelper.invokeMethod(MethodInvocationHelper.java:133)
at org.testng.internal.TestInvoker.invokeMethod(TestInvoker.java:598)
at org.testng.internal.TestInvoker.invokeTestMethod(TestInvoker.java:173)
at org.testng.internal.MethodRunner.runInSequence(MethodRunner.java:46)
at org.testng.internal.TestInvoker$MethodInvocationAgent.invoke(TestInvoker.java:824)
at org.testng.internal.TestInvoker.invokeTestMethods(TestInvoker.java:146)
at org.testng.internal.TestMethodWorker.invokeTestMethods(TestMethodWorker.java:146)
at org.testng.internal.TestMethodWorker.run(TestMethodWorker.java:128)
at java.base/java.util.ArrayList.forEach(ArrayList.java:1511)
at org.testng.TestRunner.privateRun(TestRunner.java:794)
at org.testng.TestRunner.run(TestRunner.java:596)
at org.testng.SuiteRunner.runTest(SuiteRunner.java:377)
at org.testng.SuiteRunner.runSequentially(SuiteRunner.java:371)
at org.testng.SuiteRunner.privateRun(SuiteRunner.java:332)
at org.testng.SuiteRunner.run(SuiteRunner.java:276)
at org.testng.SuiteRunnerWorker.runSuite(SuiteRunnerWorker.java:53)
at org.testng.SuiteRunnerWorker.run(SuiteRunnerWorker.java:96)
at org.testng.TestNG.runSuitesSequentially(TestNG.java:1212)
at org.testng.TestNG.runSuitesLocally(TestNG.java:1134)
at org.testng.TestNG.runSuites(TestNG.java:1063)
at org.testng.TestNG.run(TestNG.java:1031)
at org.testng.remote.AbstractRemoteTestNG.run(AbstractRemoteTestNG.java:115)
at org.testng.remote.RemoteTestNG.initAndRun(RemoteTestNG.java:251)
at org.testng.remote.RemoteTestNG.main(RemoteTestNG.java:77)
]]>
    </error>
  </testcase> <!-- runScenario -->
  <system-out/>
  <testcase classname="testRunner.Runner" name="runScenario" time="0.436"/>
  <system-out/>
  <testcase classname="testRunner.Runner" name="runScenario" time="3.089"/>
  <system-out/>
  <testcase classname="testRunner.Runner" name="runScenario" time="10.367"/>
  <system-out/>
  <testcase classname="testRunner.Runner" name="runScenario" time="0.433"/>
  <system-out/>
  <testcase classname="testRunner.Runner" name="runScenario" time="0.270"/>
  <system-out/>
</testsuite> <!-- testRunner.Runner -->
