<?xml version="1.0" encoding="UTF-8"?>
<!-- Generated by org.testng.reporters.JUnitReportReporter -->
<testsuite hostname="AARTHI-SURESH" failures="1" tests="37" name="testRunner.Runner" time="81.938" errors="1" timestamp="2023-06-13T17:47:56 EDT" skipped="0">
  <testcase classname="testRunner.Runner" name="runScenario" time="3.895"/>
  <system-out/>
  <testcase classname="testRunner.Runner" name="runScenario" time="0.648"/>
  <system-out/>
  <testcase classname="testRunner.Runner" name="runScenario" time="3.517"/>
  <system-out/>
  <testcase classname="testRunner.Runner" name="runScenario" time="0.310"/>
  <system-out/>
  <testcase classname="testRunner.Runner" name="runScenario" time="4.339"/>
  <system-out/>
  <testcase classname="testRunner.Runner" name="runScenario" time="0.417"/>
  <system-out/>
  <testcase classname="testRunner.Runner" name="runScenario" time="0.433"/>
  <system-out/>
  <testcase classname="testRunner.Runner" name="runScenario" time="0.434"/>
  <system-out/>
  <testcase classname="testRunner.Runner" name="runScenario" time="0.406"/>
  <system-out/>
  <testcase classname="testRunner.Runner" name="runScenario" time="10.427"/>
  <system-out/>
  <testcase classname="testRunner.Runner" name="runScenario" time="0.322"/>
  <system-out/>
  <testcase classname="testRunner.Runner" name="runScenario" time="3.169"/>
  <system-out/>
  <testcase classname="testRunner.Runner" name="runScenario" time="0.073"/>
  <system-out/>
  <testcase classname="testRunner.Runner" name="runScenario" time="3.616"/>
  <system-out/>
  <testcase classname="testRunner.Runner" name="runScenario" time="0.324">
    <failure message="expected [Please fill out this field] but found [Please fill out this field.]" type="java.lang.AssertionError">
      <![CDATA[java.lang.AssertionError: expected [Please fill out this field] but found [Please fill out this field.]
at org.testng.Assert.fail(Assert.java:99)
at org.testng.Assert.failNotEquals(Assert.java:1037)
at org.testng.Assert.assertEqualsImpl(Assert.java:140)
at org.testng.Assert.assertEquals(Assert.java:122)
at org.testng.Assert.assertEquals(Assert.java:629)
at org.testng.Assert.assertEquals(Assert.java:639)
at stepsDefinition.RegisterPage.it_should_display_an_error_below_password_textbox(RegisterPage.java:61)
at ✽.It should display an error "Please fill out this field" below Password textbox(file:///C:/Users/sures/eclipse-workspace/dsalgo/src/test/resources/feature/02-RegisterPage.feature:13)
]]>
    </failure>
  </testcase> <!-- runScenario -->
  <system-out/>
  <testcase classname="testRunner.Runner" name="runScenario" time="3.155"/>
  <system-out/>
  <testcase classname="testRunner.Runner" name="runScenario" time="0.447"/>
  <system-out/>
  <testcase classname="testRunner.Runner" name="runScenario" time="0.047">
    <error message="The step &#039;The user enter python code with invalid syntax in tryEditor from sheet &quot;&lt;Sheetname&gt;&quot; and &lt;RowNumber&gt;&#039; is undefined.
You can implement this step using the snippet(s) below:

@When(&quot;The user enter python code with invalid syntax in tryEditor from sheet {string} and &lt;RowNumber&gt;&quot;)
public void the_user_enter_python_code_with_invalid_syntax_in_try_editor_from_sheet_and_row_number(String string) {
    // Write code here that turns the phrase above into concrete actions
    throw new io.cucumber.java.PendingException();
}
" type="io.cucumber.testng.UndefinedStepException">
      <![CDATA[io.cucumber.testng.UndefinedStepException: The step 'The user enter python code with invalid syntax in tryEditor from sheet "<Sheetname>" and <RowNumber>' is undefined.
You can implement this step using the snippet(s) below:

@When("The user enter python code with invalid syntax in tryEditor from sheet {string} and <RowNumber>")
public void the_user_enter_python_code_with_invalid_syntax_in_try_editor_from_sheet_and_row_number(String string) {
    // Write code here that turns the phrase above into concrete actions
    throw new io.cucumber.java.PendingException();
}

at io.cucumber.core.runtime.TestCaseResultObserver.assertTestCasePassed(TestCaseResultObserver.java:69)
at io.cucumber.testng.TestCaseResultObserver.assertTestCasePassed(TestCaseResultObserver.java:23)
at io.cucumber.testng.TestNGCucumberRunner.lambda$runScenario$1(TestNGCucumberRunner.java:133)
at io.cucumber.core.runtime.CucumberExecutionContext.lambda$runTestCase$5(CucumberExecutionContext.java:137)
at io.cucumber.core.runtime.RethrowingThrowableCollector.executeAndThrow(RethrowingThrowableCollector.java:23)
at io.cucumber.core.runtime.CucumberExecutionContext.runTestCase(CucumberExecutionContext.java:137)
at io.cucumber.testng.TestNGCucumberRunner.runScenario(TestNGCucumberRunner.java:129)
at io.cucumber.testng.AbstractTestNGCucumberTests.runScenario(AbstractTestNGCucumberTests.java:35)
at java.base/jdk.internal.reflect.DirectMethodHandleAccessor.invoke(DirectMethodHandleAccessor.java:104)
at java.base/java.lang.reflect.Method.invoke(Method.java:578)
at org.testng.internal.MethodInvocationHelper.invokeMethod(MethodInvocationHelper.java:133)
at org.testng.internal.TestInvoker.invokeMethod(TestInvoker.java:598)
at org.testng.internal.TestInvoker.invokeTestMethod(TestInvoker.java:173)
at org.testng.internal.MethodRunner.runInSequence(MethodRunner.java:46)
at org.testng.internal.TestInvoker$MethodInvocationAgent.invoke(TestInvoker.java:824)
at org.testng.internal.TestInvoker.invokeTestMethods(TestInvoker.java:146)
at org.testng.internal.TestMethodWorker.invokeTestMethods(TestMethodWorker.java:146)
at org.testng.internal.TestMethodWorker.run(TestMethodWorker.java:128)
at java.base/java.util.ArrayList.forEach(ArrayList.java:1511)
at org.testng.TestRunner.privateRun(TestRunner.java:794)
at org.testng.TestRunner.run(TestRunner.java:596)
at org.testng.SuiteRunner.runTest(SuiteRunner.java:377)
at org.testng.SuiteRunner.runSequentially(SuiteRunner.java:371)
at org.testng.SuiteRunner.privateRun(SuiteRunner.java:332)
at org.testng.SuiteRunner.run(SuiteRunner.java:276)
at org.testng.SuiteRunnerWorker.runSuite(SuiteRunnerWorker.java:53)
at org.testng.SuiteRunnerWorker.run(SuiteRunnerWorker.java:96)
at org.testng.TestNG.runSuitesSequentially(TestNG.java:1212)
at org.testng.TestNG.runSuitesLocally(TestNG.java:1134)
at org.testng.TestNG.runSuites(TestNG.java:1063)
at org.testng.TestNG.run(TestNG.java:1031)
at org.testng.remote.AbstractRemoteTestNG.run(AbstractRemoteTestNG.java:115)
at org.testng.remote.RemoteTestNG.initAndRun(RemoteTestNG.java:251)
at org.testng.remote.RemoteTestNG.main(RemoteTestNG.java:77)
]]>
    </error>
  </testcase> <!-- runScenario -->
  <system-out/>
  <testcase classname="testRunner.Runner" name="runScenario" time="3.403"/>
  <system-out/>
  <testcase classname="testRunner.Runner" name="runScenario" time="0.586"/>
  <system-out/>
  <testcase classname="testRunner.Runner" name="runScenario" time="0.558"/>
  <system-out/>
  <testcase classname="testRunner.Runner" name="runScenario" time="0.473"/>
  <system-out/>
  <testcase classname="testRunner.Runner" name="runScenario" time="10.433"/>
  <system-out/>
  <testcase classname="testRunner.Runner" name="runScenario" time="3.167"/>
  <system-out/>
  <testcase classname="testRunner.Runner" name="runScenario" time="3.175"/>
  <system-out/>
  <testcase classname="testRunner.Runner" name="runScenario" time="0.502"/>
  <system-out/>
  <testcase classname="testRunner.Runner" name="runScenario" time="0.508"/>
  <system-out/>
  <testcase classname="testRunner.Runner" name="runScenario" time="7.602"/>
  <system-out/>
  <testcase classname="testRunner.Runner" name="runScenario" time="3.072"/>
  <system-out/>
  <testcase classname="testRunner.Runner" name="runScenario" time="0.256"/>
  <system-out/>
  <testcase classname="testRunner.Runner" name="runScenario" time="3.497"/>
  <system-out/>
  <testcase classname="testRunner.Runner" name="runScenario" time="0.264"/>
  <system-out/>
  <testcase classname="testRunner.Runner" name="runScenario" time="3.086"/>
  <system-out/>
  <testcase classname="testRunner.Runner" name="runScenario" time="0.376"/>
  <system-out/>
  <testcase classname="testRunner.Runner" name="runScenario" time="1.443"/>
  <system-out/>
  <testcase classname="testRunner.Runner" name="runScenario" time="0.447"/>
  <system-out/>
  <testcase classname="testRunner.Runner" name="runScenario" time="3.111"/>
  <system-out/>
</testsuite> <!-- testRunner.Runner -->
