<?xml version="1.0" encoding="UTF-8"?>
<testng-results ignored="0" total="16" passed="16" failed="0" skipped="0">
  <reporter-output>
  </reporter-output>
  <suite started-at="2023-04-17T01:19:23 EDT" name="TestSuite1 (0)" finished-at="2023-04-17T01:19:23 EDT" duration-ms="46">
    <groups>
    </groups>
    <test started-at="2023-04-17T01:19:23 EDT" name="Sanity execution" finished-at="2023-04-17T01:19:23 EDT" duration-ms="46">
      <class name="test_suite.Module1">
        <test-method is-config="true" signature="beforeexec()[pri:0, instance:test_suite.Module1@16d04d3d]" started-at="2023-04-17T01:19:23 EDT" name="beforeexec" finished-at="2023-04-17T01:19:23 EDT" duration-ms="1" status="PASS">
          <reporter-output>
          </reporter-output>
        </test-method> <!-- beforeexec -->
        <test-method signature="login(java.lang.String,java.lang.String)[pri:0, instance:test_suite.Module1@16d04d3d]" started-at="2023-04-17T01:19:23 EDT" name="login" data-provider="data001" finished-at="2023-04-17T01:19:23 EDT" duration-ms="0" status="PASS">
          <params>
            <param index="0">
              <value>
                <![CDATA[aarthi]]>
              </value>
            </param>
            <param index="1">
              <value>
                <![CDATA[1234]]>
              </value>
            </param>
          </params>
          <reporter-output>
          </reporter-output>
        </test-method> <!-- login -->
        <test-method is-config="true" signature="aftereexec()[pri:0, instance:test_suite.Module1@16d04d3d]" started-at="2023-04-17T01:19:23 EDT" name="aftereexec" finished-at="2023-04-17T01:19:23 EDT" duration-ms="1" status="PASS">
          <reporter-output>
          </reporter-output>
        </test-method> <!-- aftereexec -->
        <test-method is-config="true" signature="beforeexec()[pri:0, instance:test_suite.Module1@16d04d3d]" started-at="2023-04-17T01:19:23 EDT" name="beforeexec" finished-at="2023-04-17T01:19:23 EDT" duration-ms="1" status="PASS">
          <reporter-output>
          </reporter-output>
        </test-method> <!-- beforeexec -->
        <test-method signature="login(java.lang.String,java.lang.String)[pri:0, instance:test_suite.Module1@16d04d3d]" started-at="2023-04-17T01:19:23 EDT" name="login" data-provider="data001" finished-at="2023-04-17T01:19:23 EDT" duration-ms="1" status="PASS">
          <params>
            <param index="0">
              <value>
                <![CDATA[baktha]]>
              </value>
            </param>
            <param index="1">
              <value>
                <![CDATA[1234]]>
              </value>
            </param>
          </params>
          <reporter-output>
          </reporter-output>
        </test-method> <!-- login -->
        <test-method is-config="true" signature="aftereexec()[pri:0, instance:test_suite.Module1@16d04d3d]" started-at="2023-04-17T01:19:23 EDT" name="aftereexec" finished-at="2023-04-17T01:19:23 EDT" duration-ms="0" status="PASS">
          <reporter-output>
          </reporter-output>
        </test-method> <!-- aftereexec -->
        <test-method is-config="true" signature="beforeexec()[pri:0, instance:test_suite.Module1@16d04d3d]" started-at="2023-04-17T01:19:23 EDT" name="beforeexec" finished-at="2023-04-17T01:19:23 EDT" duration-ms="1" status="PASS">
          <reporter-output>
          </reporter-output>
        </test-method> <!-- beforeexec -->
        <test-method signature="test001()[pri:0, instance:test_suite.Module1@16d04d3d]" started-at="2023-04-17T01:19:23 EDT" name="test001" finished-at="2023-04-17T01:19:23 EDT" duration-ms="0" status="PASS">
          <reporter-output>
          </reporter-output>
        </test-method> <!-- test001 -->
        <test-method is-config="true" signature="aftereexec()[pri:0, instance:test_suite.Module1@16d04d3d]" started-at="2023-04-17T01:19:23 EDT" name="aftereexec" finished-at="2023-04-17T01:19:23 EDT" duration-ms="1" status="PASS">
          <reporter-output>
          </reporter-output>
        </test-method> <!-- aftereexec -->
        <test-method is-config="true" signature="beforeexec()[pri:0, instance:test_suite.Module1@16d04d3d]" started-at="2023-04-17T01:19:23 EDT" name="beforeexec" finished-at="2023-04-17T01:19:23 EDT" duration-ms="1" status="PASS">
          <reporter-output>
          </reporter-output>
        </test-method> <!-- beforeexec -->
        <test-method signature="test002()[pri:0, instance:test_suite.Module1@16d04d3d]" started-at="2023-04-17T01:19:23 EDT" name="test002" finished-at="2023-04-17T01:19:23 EDT" duration-ms="0" status="PASS">
          <reporter-output>
          </reporter-output>
        </test-method> <!-- test002 -->
        <test-method is-config="true" signature="aftereexec()[pri:0, instance:test_suite.Module1@16d04d3d]" started-at="2023-04-17T01:19:23 EDT" name="aftereexec" finished-at="2023-04-17T01:19:23 EDT" duration-ms="6" status="PASS">
          <reporter-output>
          </reporter-output>
        </test-method> <!-- aftereexec -->
        <test-method is-config="true" signature="beforeexec()[pri:0, instance:test_suite.Module1@16d04d3d]" started-at="2023-04-17T01:19:23 EDT" name="beforeexec" finished-at="2023-04-17T01:19:23 EDT" duration-ms="1" status="PASS">
          <reporter-output>
          </reporter-output>
        </test-method> <!-- beforeexec -->
        <test-method signature="test003()[pri:0, instance:test_suite.Module1@16d04d3d]" started-at="2023-04-17T01:19:23 EDT" name="test003" finished-at="2023-04-17T01:19:23 EDT" duration-ms="1" status="PASS">
          <reporter-output>
          </reporter-output>
        </test-method> <!-- test003 -->
        <test-method is-config="true" signature="aftereexec()[pri:0, instance:test_suite.Module1@16d04d3d]" started-at="2023-04-17T01:19:23 EDT" name="aftereexec" finished-at="2023-04-17T01:19:23 EDT" duration-ms="1" status="PASS">
          <reporter-output>
          </reporter-output>
        </test-method> <!-- aftereexec -->
      </class> <!-- test_suite.Module1 -->
      <class name="test_suite.Module2">
        <test-method signature="test001()[pri:0, instance:test_suite.Module2@49ec71f8]" started-at="2023-04-17T01:19:23 EDT" name="test001" finished-at="2023-04-17T01:19:23 EDT" duration-ms="2" status="PASS">
          <reporter-output>
          </reporter-output>
        </test-method> <!-- test001 -->
        <test-method signature="test002()[pri:0, instance:test_suite.Module2@49ec71f8]" started-at="2023-04-17T01:19:23 EDT" name="test002" finished-at="2023-04-17T01:19:23 EDT" duration-ms="1" status="PASS">
          <reporter-output>
          </reporter-output>
        </test-method> <!-- test002 -->
        <test-method signature="test003()[pri:0, instance:test_suite.Module2@49ec71f8]" started-at="2023-04-17T01:19:23 EDT" name="test003" finished-at="2023-04-17T01:19:23 EDT" duration-ms="0" status="PASS">
          <reporter-output>
          </reporter-output>
        </test-method> <!-- test003 -->
      </class> <!-- test_suite.Module2 -->
    </test> <!-- Sanity execution -->
  </suite> <!-- TestSuite1 (0) -->
  <suite started-at="2023-04-17T01:19:22 EDT" name="TestSuite1" finished-at="2023-04-17T01:19:23 EDT" duration-ms="162">
    <groups>
    </groups>
    <test started-at="2023-04-17T01:19:22 EDT" name="Sanity execution" finished-at="2023-04-17T01:19:23 EDT" duration-ms="162">
      <class name="test_suite.Module1">
        <test-method is-config="true" signature="beforeexec()[pri:0, instance:test_suite.Module1@1dde4cb2]" started-at="2023-04-17T01:19:23 EDT" name="beforeexec" finished-at="2023-04-17T01:19:23 EDT" duration-ms="16" status="PASS">
          <reporter-output>
          </reporter-output>
        </test-method> <!-- beforeexec -->
        <test-method signature="login(java.lang.String,java.lang.String)[pri:0, instance:test_suite.Module1@1dde4cb2]" started-at="2023-04-17T01:19:23 EDT" name="login" data-provider="data001" finished-at="2023-04-17T01:19:23 EDT" duration-ms="9" status="PASS">
          <params>
            <param index="0">
              <value>
                <![CDATA[aarthi]]>
              </value>
            </param>
            <param index="1">
              <value>
                <![CDATA[1234]]>
              </value>
            </param>
          </params>
          <reporter-output>
          </reporter-output>
        </test-method> <!-- login -->
        <test-method is-config="true" signature="aftereexec()[pri:0, instance:test_suite.Module1@1dde4cb2]" started-at="2023-04-17T01:19:23 EDT" name="aftereexec" finished-at="2023-04-17T01:19:23 EDT" duration-ms="1" status="PASS">
          <reporter-output>
          </reporter-output>
        </test-method> <!-- aftereexec -->
        <test-method signature="login(java.lang.String,java.lang.String)[pri:0, instance:test_suite.Module1@1dde4cb2]" started-at="2023-04-17T01:19:23 EDT" name="login" data-provider="data001" finished-at="2023-04-17T01:19:23 EDT" duration-ms="4" status="PASS">
          <params>
            <param index="0">
              <value>
                <![CDATA[baktha]]>
              </value>
            </param>
            <param index="1">
              <value>
                <![CDATA[1234]]>
              </value>
            </param>
          </params>
          <reporter-output>
          </reporter-output>
        </test-method> <!-- login -->
        <test-method is-config="true" signature="beforeexec()[pri:0, instance:test_suite.Module1@1dde4cb2]" started-at="2023-04-17T01:19:23 EDT" name="beforeexec" finished-at="2023-04-17T01:19:23 EDT" duration-ms="0" status="PASS">
          <reporter-output>
          </reporter-output>
        </test-method> <!-- beforeexec -->
        <test-method is-config="true" signature="aftereexec()[pri:0, instance:test_suite.Module1@1dde4cb2]" started-at="2023-04-17T01:19:23 EDT" name="aftereexec" finished-at="2023-04-17T01:19:23 EDT" duration-ms="1" status="PASS">
          <reporter-output>
          </reporter-output>
        </test-method> <!-- aftereexec -->
        <test-method is-config="true" signature="beforeexec()[pri:0, instance:test_suite.Module1@1dde4cb2]" started-at="2023-04-17T01:19:23 EDT" name="beforeexec" finished-at="2023-04-17T01:19:23 EDT" duration-ms="1" status="PASS">
          <reporter-output>
          </reporter-output>
        </test-method> <!-- beforeexec -->
        <test-method signature="test001()[pri:0, instance:test_suite.Module1@1dde4cb2]" started-at="2023-04-17T01:19:23 EDT" name="test001" finished-at="2023-04-17T01:19:23 EDT" duration-ms="4" status="PASS">
          <reporter-output>
          </reporter-output>
        </test-method> <!-- test001 -->
        <test-method is-config="true" signature="aftereexec()[pri:0, instance:test_suite.Module1@1dde4cb2]" started-at="2023-04-17T01:19:23 EDT" name="aftereexec" finished-at="2023-04-17T01:19:23 EDT" duration-ms="1" status="PASS">
          <reporter-output>
          </reporter-output>
        </test-method> <!-- aftereexec -->
        <test-method is-config="true" signature="beforeexec()[pri:0, instance:test_suite.Module1@1dde4cb2]" started-at="2023-04-17T01:19:23 EDT" name="beforeexec" finished-at="2023-04-17T01:19:23 EDT" duration-ms="1" status="PASS">
          <reporter-output>
          </reporter-output>
        </test-method> <!-- beforeexec -->
        <test-method signature="test002()[pri:0, instance:test_suite.Module1@1dde4cb2]" started-at="2023-04-17T01:19:23 EDT" name="test002" finished-at="2023-04-17T01:19:23 EDT" duration-ms="1" status="PASS">
          <reporter-output>
          </reporter-output>
        </test-method> <!-- test002 -->
        <test-method is-config="true" signature="aftereexec()[pri:0, instance:test_suite.Module1@1dde4cb2]" started-at="2023-04-17T01:19:23 EDT" name="aftereexec" finished-at="2023-04-17T01:19:23 EDT" duration-ms="0" status="PASS">
          <reporter-output>
          </reporter-output>
        </test-method> <!-- aftereexec -->
        <test-method is-config="true" signature="beforeexec()[pri:0, instance:test_suite.Module1@1dde4cb2]" started-at="2023-04-17T01:19:23 EDT" name="beforeexec" finished-at="2023-04-17T01:19:23 EDT" duration-ms="2" status="PASS">
          <reporter-output>
          </reporter-output>
        </test-method> <!-- beforeexec -->
        <test-method signature="test003()[pri:0, instance:test_suite.Module1@1dde4cb2]" started-at="2023-04-17T01:19:23 EDT" name="test003" finished-at="2023-04-17T01:19:23 EDT" duration-ms="3" status="PASS">
          <reporter-output>
          </reporter-output>
        </test-method> <!-- test003 -->
        <test-method is-config="true" signature="aftereexec()[pri:0, instance:test_suite.Module1@1dde4cb2]" started-at="2023-04-17T01:19:23 EDT" name="aftereexec" finished-at="2023-04-17T01:19:23 EDT" duration-ms="1" status="PASS">
          <reporter-output>
          </reporter-output>
        </test-method> <!-- aftereexec -->
      </class> <!-- test_suite.Module1 -->
      <class name="test_suite.Module2">
        <test-method signature="test001()[pri:0, instance:test_suite.Module2@694abbdc]" started-at="2023-04-17T01:19:23 EDT" name="test001" finished-at="2023-04-17T01:19:23 EDT" duration-ms="3" status="PASS">
          <reporter-output>
          </reporter-output>
        </test-method> <!-- test001 -->
        <test-method signature="test002()[pri:0, instance:test_suite.Module2@694abbdc]" started-at="2023-04-17T01:19:23 EDT" name="test002" finished-at="2023-04-17T01:19:23 EDT" duration-ms="1" status="PASS">
          <reporter-output>
          </reporter-output>
        </test-method> <!-- test002 -->
        <test-method signature="test003()[pri:0, instance:test_suite.Module2@694abbdc]" started-at="2023-04-17T01:19:23 EDT" name="test003" finished-at="2023-04-17T01:19:23 EDT" duration-ms="2" status="PASS">
          <reporter-output>
          </reporter-output>
        </test-method> <!-- test003 -->
      </class> <!-- test_suite.Module2 -->
    </test> <!-- Sanity execution -->
  </suite> <!-- TestSuite1 -->
</testng-results>
