<?xml version="1.0" encoding="UTF-8"?>
<!-- Generated by org.testng.reporters.JUnitXMLReporter -->
<testsuite ignored="0" hostname="AARTHI-SURESH" failures="0" tests="8" name="Sanity execution" time="0.162" errors="0" timestamp="2023-04-17T01:19:23 EDT">
  <testcase classname="test_suite.Module1" name="login" time="0.009"/>
  <testcase classname="test_suite.Module1" name="login" time="0.004"/>
  <testcase classname="test_suite.Module1" name="test001" time="0.004"/>
  <testcase classname="test_suite.Module1" name="test002" time="0.001"/>
  <testcase classname="test_suite.Module1" name="test003" time="0.003"/>
  <testcase classname="test_suite.Module2" name="test001" time="0.003"/>
  <testcase classname="test_suite.Module2" name="test002" time="0.001"/>
  <testcase classname="test_suite.Module2" name="test003" time="0.002"/>
</testsuite> <!-- Sanity execution -->
